<?xml version="1.0" encoding="UTF-8"?>
<testng-results skipped="0" failed="0" ignored="0" total="2" passed="2">
  <reporter-output>
  </reporter-output>
  <suite name="Default suite" duration-ms="39814" started-at="2020-03-22T13:16:01 CST" finished-at="2020-03-22T13:16:41 CST">
    <groups>
    </groups>
    <test name="Default test" duration-ms="39814" started-at="2020-03-22T13:16:01 CST" finished-at="2020-03-22T13:16:41 CST">
      <class name="TestCases.Test1">
        <test-method status="PASS" signature="startUp()[pri:0, instance:TestCases.Test1@5a8e6209]" name="startUp" is-config="true" duration-ms="11698" started-at="2020-03-22T13:16:01 CST" finished-at="2020-03-22T13:16:13 CST">
          <reporter-output>
          </reporter-output>
        </test-method> <!-- startUp -->
        <test-method status="PASS" signature="validateTheProductCanBeAddedToCart()[pri:1, instance:TestCases.Test1@5a8e6209]" name="validateTheProductCanBeAddedToCart" duration-ms="8604" started-at="2020-03-22T13:16:13 CST" finished-at="2020-03-22T13:16:22 CST">
          <reporter-output>
          </reporter-output>
        </test-method> <!-- validateTheProductCanBeAddedToCart -->
        <test-method status="PASS" signature="closeMethod(org.testng.ITestResult)[pri:0, instance:TestCases.Test1@5a8e6209]" name="closeMethod" is-config="true" duration-ms="637" started-at="2020-03-22T13:16:22 CST" finished-at="2020-03-22T13:16:22 CST">
          <params>
            <param index="0">
              <value>
                <![CDATA[[TestResult name=validateTheProductCanBeAddedToCart status=SUCCESS method=Test1.validateTheProductCanBeAddedToCart()[pri:1, instance:TestCases.Test1@5a8e6209] output={null}]]]>
              </value>
            </param>
          </params>
          <reporter-output>
          </reporter-output>
        </test-method> <!-- closeMethod -->
        <test-method status="PASS" signature="startUp()[pri:0, instance:TestCases.Test1@5a8e6209]" name="startUp" is-config="true" duration-ms="10307" started-at="2020-03-22T13:16:22 CST" finished-at="2020-03-22T13:16:33 CST">
          <reporter-output>
          </reporter-output>
        </test-method> <!-- startUp -->
        <test-method status="PASS" signature="VerifyUsersCanSearchHoodie()[pri:2, instance:TestCases.Test1@5a8e6209]" name="VerifyUsersCanSearchHoodie" duration-ms="7846" started-at="2020-03-22T13:16:33 CST" finished-at="2020-03-22T13:16:41 CST">
          <reporter-output>
          </reporter-output>
        </test-method> <!-- VerifyUsersCanSearchHoodie -->
        <test-method status="PASS" signature="closeMethod(org.testng.ITestResult)[pri:0, instance:TestCases.Test1@5a8e6209]" name="closeMethod" is-config="true" duration-ms="645" started-at="2020-03-22T13:16:41 CST" finished-at="2020-03-22T13:16:41 CST">
          <params>
            <param index="0">
              <value>
                <![CDATA[[TestResult name=VerifyUsersCanSearchHoodie status=SUCCESS method=Test1.VerifyUsersCanSearchHoodie()[pri:2, instance:TestCases.Test1@5a8e6209] output={null}]]]>
              </value>
            </param>
          </params>
          <reporter-output>
          </reporter-output>
        </test-method> <!-- closeMethod -->
      </class> <!-- TestCases.Test1 -->
    </test> <!-- Default test -->
  </suite> <!-- Default suite -->
</testng-results>
